<xarray.DataArray 'txuptp' (time: 8768, latitude: 62, longitude: 360)> Size: 2GB
dask.array<concatenate, shape=(8768, 62, 360), dtype=float64, chunksize=(2928, 62, 360), chunktype=numpy.ndarray>
Coordinates:
  * time       (time) datetime64[ns] 70kB 2006-01-01 ... 2008-12-31T21:00:00
  * latitude   (latitude) float32 248B -30.5 -29.5 -28.5 ... 28.5 29.5 30.5
  * longitude  (longitude) float32 1kB 0.5 1.5 2.5 3.5 ... 357.5 358.5 359.5
Attributes:
    units:      Wm-2
    long_name:  toa_outgoing_longtwave_flux_all_sky
    type:       short: convert to Real*4 = Short_value / scale_factor
<xarray.DataArray (dayofyear: 2928, latitude: 62, longitude: 360)> Size: 523MB
array([[[277.77144518, 274.86087924, 270.35416076, ..., 265.07501819,
         268.27535037, 277.50080999],
        [282.28906186, 273.25029063, 274.38416605, ..., 283.30425954,
         283.26742051, 279.589983  ],
        [279.16124087, 275.48945767, 275.46276273, ..., 285.91524024,
         285.28134876, 277.48704702],
        ...,
        [255.5385745 , 253.79954099, 250.60051469, ..., 257.08424355,
         255.3242327 , 252.86777078],
        [243.08379576, 247.58676927, 237.74694608, ..., 257.47877609,
         256.83647091, 249.11200937],
        [238.71520216, 232.51485153, 232.71982876, ..., 251.93168002,
         245.64882338, 243.23391308]],

       [[279.02894105, 278.14867202, 272.77396724, ..., 255.76892811,
         264.91173799, 277.37246775],
        [282.80198895, 275.82531857, 274.32226378, ..., 277.08715125,
         280.54696117, 281.78175493],
        [281.12102424, 277.21458098, 273.8583507 , ..., 283.280663  ,
         280.822531  , 274.20041916],
...
        [208.687424  , 209.63815114, 215.6291602 , ..., 198.49516997,
         180.42930986, 198.11690429],
        [192.78092065, 184.10689647, 224.39102226, ..., 196.77562703,
         182.33435007, 191.45591037],
        [214.16865314, 227.63053068, 227.41676598, ..., 172.35530731,
         177.17523999, 181.19114463]],

       [[269.36067821, 272.28861251, 272.11841664, ..., 266.37085645,
         280.17235076, 280.30480499],
        [277.83796858, 280.01015589, 271.86874844, ..., 273.97913087,
         285.82432243, 287.01252602],
        [282.02938577, 274.26579159, 271.96387565, ..., 260.79920004,
         280.94175329, 283.70142414],
        ...,
        [202.04668387, 209.46504514, 214.3420902 , ..., 220.98689638,
         200.33500403, 208.02844692],
        [196.28887086, 177.61011132, 212.93155688, ..., 214.33514735,
         198.99070922, 200.68865979],
        [210.74782515, 214.84965533, 215.44386646, ..., 187.08027097,
         179.09133858, 185.93218432]]])
Coordinates:
  * dayofyear  (dayofyear) float64 23kB 1.0 1.125 1.25 ... 366.6 366.8 366.9
  * latitude   (latitude) float32 248B -30.5 -29.5 -28.5 ... 28.5 29.5 30.5
  * longitude  (longitude) float32 1kB 0.5 1.5 2.5 3.5 ... 357.5 358.5 359.5
Attributes:
    units:      Wm-2
    long_name:  toa_outgoing_longtwave_flux_all_sky
    type:       short: convert to Real*4 = Short_value / scale_factor

======================================================================================
                  Resource Usage on 2025-05-13 11:01:13:
   Job Id:             140873403.gadi-pbs
   Project:            nf33
   Exit Status:        0
   Service Units:      0.25
   NCPUs Requested:    1                      NCPUs Used: 1               
                                           CPU Time Used: 00:00:32        
   Memory Requested:   50.0GB                Memory Used: 3.2GB           
   Walltime requested: 01:00:00            Walltime Used: 00:00:36        
   JobFS requested:    1.0GB                  JobFS used: 0B              
======================================================================================
