<xarray.DataArray 'rlut_moisture_mode' (time: 4096, latitude: 249,
                                        longitude: 1440)> Size: 12GB
array([[[-3.58744066, -3.45805615, -3.32413125, ..., -3.94522723,
         -3.83131517, -3.71196072],
        [-3.37628011, -3.24178999, -3.10339611, ..., -3.7531761 ,
         -3.63226766, -3.50654109],
        [-3.11424881, -2.97962387, -2.84179322, ..., -3.49580745,
         -3.37263068, -3.24535093],
        ...,
        [ 3.53718985,  3.57405219,  3.61407424, ...,  3.44542938,
          3.47291381,  3.50348521],
        [ 3.38296871,  3.41295413,  3.44621158, ...,  3.31220221,
          3.33265908,  3.3562222 ],
        [ 3.1952096 ,  3.21652147,  3.24135978, ...,  3.15166815,
          3.16288217,  3.17735921]],

       [[-3.62997009, -3.51803277, -3.40107966, ..., -3.93346151,
         -3.83788251, -3.73665687],
        [-3.43859446, -3.32174972, -3.20039922, ..., -3.7598619 ,
         -3.65785125, -3.55069905],
        [-3.18646655, -3.0688221 , -2.94727423, ..., -3.51377717,
         -3.40914357, -3.29997707],
...
        [ 3.37409047,  3.43198099,  3.49335928, ...,  3.22244892,
          3.26924111,  3.31981157],
        [ 3.20524399,  3.25791289,  3.31420622, ...,  3.06983735,
          3.11114774,  3.15629832],
        [ 3.00814822,  3.05203175,  3.09977162, ...,  2.90016363,
          2.93218838,  2.96818736]],

       [[-3.4877084 , -3.34008992, -3.18861469, ..., -3.90336367,
         -3.76972975, -3.63105363],
        [-3.25760586, -3.10457446, -2.94844134, ..., -3.69397251,
         -3.55269862, -3.40711503],
        [-2.98685705, -2.83463437, -2.68009282, ..., -3.42562323,
         -3.28273564, -3.13635483],
        ...,
        [ 3.44118505,  3.48893408,  3.54010148, ...,  3.31893462,
          3.35616179,  3.39691563],
        [ 3.2781952 ,  3.31970855,  3.36477272, ...,  3.17515472,
          3.20592384,  3.2402647 ],
        [ 3.08521424,  3.11776116,  3.15410537, ...,  3.01021489,
          3.0314808 ,  3.05646318]]])
Coordinates:
  * time       (time) datetime64[ns] 33kB 2019-12-13T15:00:00 ... 2021-05-08T...
  * latitude   (latitude) float64 2kB -30.0 -29.75 -29.5 ... 31.5 31.75 32.0
  * longitude  (longitude) float64 12kB -180.0 -179.8 -179.5 ... 179.5 179.8
Attributes:
    long_name:  Moisture Mode in toa_outgoing_longwave_flux
    units:      W m-2
       Unnamed: 0  frame  idx  ...   longitude   cell        time_cell
0               1      0    3  ...   55.448989      2  0 days 00:00:00
1               3      0    9  ...  -58.300371      4  0 days 00:00:00
2               4      0   10  ...   22.037705      5  0 days 00:00:00
3               6      0   13  ... -142.286094      7  0 days 00:00:00
4               7      0   14  ...  -18.385116      8  0 days 00:00:00
...           ...    ...  ...  ...         ...    ...              ...
92632       99472   3310    1  ...  175.528984  11987  1 days 15:00:00
92633       99473   3311    1  ...  175.656566  11987  1 days 18:00:00
92634       99474   3312    1  ...  175.750034  11987  1 days 21:00:00
92635       99475   3313    1  ...  175.791340  11987  2 days 00:00:00
92636       99476   3314    1  ...  175.768803  11987  2 days 03:00:00

[92637 rows x 14 columns]
       Unnamed: 0  frame  idx  ...   longitude   cell        time_cell
204           248      8   33  ...   56.756238      2  1 days 00:00:00
35             50      2   12  ...  -58.344130      4  0 days 06:00:00
310           380     11   75  ...   24.271156      5  1 days 09:00:00
83            110      4   21  ... -142.363444      7  0 days 12:00:00
274           335     10   53  ...  -18.734071      8  1 days 06:00:00
...           ...    ...  ...  ...         ...    ...              ...
92551       99389   3246   14  ... -170.234174  11982  0 days 00:00:00
92599       99438   3288    1  ...   80.467029  11984  3 days 15:00:00
92601       99440   3290    3  ...   79.686262  11985  0 days 03:00:00
92606       99445   3295    1  ...   80.269627  11986  0 days 00:00:00
92627       99467   3306    3  ...  174.866400  11987  1 days 03:00:00

[6381 rows x 14 columns]

======================================================================================
                  Resource Usage on 2025-05-15 20:51:20:
   Job Id:             141055144.gadi-pbs
   Project:            nf33
   Exit Status:        0
   Service Units:      11.64
   NCPUs Requested:    1                      NCPUs Used: 1               
                                           CPU Time Used: 00:13:49        
   Memory Requested:   100.0GB               Memory Used: 24.6GB          
   Walltime requested: 02:00:00            Walltime Used: 00:13:58        
   JobFS requested:    1.0GB                  JobFS used: 0B              
======================================================================================
