<xarray.DataArray 'rlut_ig_wave' (time: 4096, latitude: 249, longitude: 1440)> Size: 12GB
array([[[-1.03480702, -1.03739456, -1.04016308, ..., -1.0286506 ,
         -1.03038759, -1.03245475],
        [-1.04305417, -1.04252035, -1.04229118, ..., -1.04688961,
         -1.04520328, -1.04393576],
        [-1.08929592, -1.0900641 , -1.0910323 , ..., -1.08860609,
         -1.08852979, -1.08877134],
        ...,
        [ 0.16464362,  0.15143594,  0.13774827, ...,  0.20029079,
          0.18918213,  0.17726252],
        [ 0.18991906,  0.1763051 ,  0.16254666, ...,  0.22874212,
          0.21625657,  0.20327532],
        [ 0.22677193,  0.21449234,  0.20226476, ...,  0.26287759,
          0.25107431,  0.2390017 ]],

       [[-0.95088034, -0.94793438, -0.94560127, ..., -0.96329667,
         -0.9585774 , -0.95443232],
        [-1.00421544, -0.99970163, -0.99574102, ..., -1.02094922,
         -1.01485781, -1.00927272],
        [-1.01342478, -1.01008313, -1.00737244, ..., -1.0270993 ,
         -1.02195297, -1.01738703],
...
        [-0.31605801, -0.29581724, -0.27491484, ..., -0.37130344,
         -0.3539433 , -0.33548227],
        [-0.26371055, -0.24315181, -0.22172317, ..., -0.31870763,
         -0.30162437, -0.28324847],
        [-0.17085237, -0.15517416, -0.1387513 , ..., -0.21226408,
         -0.19950361, -0.18566588]],

       [[-1.13953903, -1.14219209, -1.14419731, ..., -1.12841864,
         -1.13257913, -1.13631035],
        [-1.11446577, -1.11362771, -1.11239243, ..., -1.11515681,
         -1.11517462, -1.11496273],
        [-1.18718397, -1.18775236, -1.18771571, ..., -1.18240859,
         -1.18445485, -1.18606587],
        ...,
        [-0.09927921, -0.09391077, -0.08807226, ..., -0.11223779,
         -0.10846744, -0.10414101],
        [-0.08140152, -0.07645149, -0.0706082 , ..., -0.09065471,
         -0.08851606, -0.08542916],
        [-0.01909544, -0.01664537, -0.013236  , ..., -0.02059807,
         -0.02106968, -0.02057139]]])
Coordinates:
  * time       (time) datetime64[ns] 33kB 2019-12-13T15:00:00 ... 2021-05-08T...
  * latitude   (latitude) float64 2kB -30.0 -29.75 -29.5 ... 31.5 31.75 32.0
  * longitude  (longitude) float64 12kB -180.0 -179.8 -179.5 ... 179.5 179.8
Attributes:
    long_name:  IG Wave in toa_outgoing_longwave_flux
    units:      W m-2
       Unnamed: 0  frame  idx  ...   longitude   cell        time_cell
0              17      0   72  ...   -0.788940     18  0 days 00:00:00
1              25      0  103  ...  135.821791     26  0 days 00:00:00
2              26      0  109  ... -125.274454     27  0 days 00:00:00
3              32      0  120  ...  -98.633013     33  0 days 00:00:00
4              34      0  122  ...  -93.124261     35  0 days 00:00:00
...           ...    ...  ...  ...         ...    ...              ...
85220      168162   3256    3  ...  168.471532  83068  0 days 09:00:00
85221      168165   3258    2  ...   95.088522  83071  0 days 00:00:00
85222      168168   3259    2  ...   93.860337  83071  0 days 03:00:00
85223      168169   3260    1  ...   92.847595  83071  0 days 06:00:00
85224      168170   3261    1  ...   91.816831  83071  0 days 09:00:00

[85225 rows x 14 columns]
       Unnamed: 0  frame  idx  ...   longitude   cell        time_cell
16             82      1  113  ...   -0.777425     18  0 days 03:00:00
18             85      1  117  ...  137.478571     26  0 days 03:00:00
2              26      0  109  ... -125.274454     27  0 days 00:00:00
73            237      3  170  ... -101.428047     33  0 days 09:00:00
24            103      1  152  ...  -92.667514     35  0 days 03:00:00
...           ...    ...  ...  ...         ...    ...              ...
85192      168105   3248   78  ...  169.819198  83047  0 days 00:00:00
85196      168133   3250    3  ...  165.070284  83062  0 days 00:00:00
85216      168158   3255    2  ...  102.348189  83067  0 days 09:00:00
85211      168153   3253    7  ...  169.487311  83068  0 days 00:00:00
85221      168165   3258    2  ...   95.088522  83071  0 days 00:00:00

[20406 rows x 14 columns]

======================================================================================
                  Resource Usage on 2025-05-15 20:57:34:
   Job Id:             141055307.gadi-pbs
   Project:            nf33
   Exit Status:        0
   Service Units:      11.18
   NCPUs Requested:    1                      NCPUs Used: 1               
                                           CPU Time Used: 00:13:11        
   Memory Requested:   100.0GB               Memory Used: 23.48GB         
   Walltime requested: 02:00:00            Walltime Used: 00:13:25        
   JobFS requested:    1.0GB                  JobFS used: 0B              
======================================================================================
