Cannot import reading function read_wavespectra because:
/lib64/libstdc++.so.6: version `GLIBCXX_3.4.26' not found (required by /g/data/hh5/public/apps/miniconda3/envs/analysis3-24.04/lib/python3.10/site-packages/scipy/optimize/_group_columns.cpython-310-x86_64-linux-gnu.so)
Cannot import reading function read_ww3_station because:
/lib64/libstdc++.so.6: version `GLIBCXX_3.4.26' not found (required by /g/data/hh5/public/apps/miniconda3/envs/analysis3-24.04/lib/python3.10/site-packages/scipy/optimize/_group_columns.cpython-310-x86_64-linux-gnu.so)
Cannot import reading function read_funwave because:
cannot import name 'SpecArray' from partially initialized module 'wavespectra' (most likely due to a circular import) (/g/data/hh5/public/apps/miniconda3/envs/analysis3-24.04/lib/python3.10/site-packages/wavespectra/__init__.py)
Cannot import reading function read_octopus because:
/lib64/libstdc++.so.6: version `GLIBCXX_3.4.26' not found (required by /g/data/hh5/public/apps/miniconda3/envs/analysis3-24.04/lib/python3.10/site-packages/scipy/optimize/_group_columns.cpython-310-x86_64-linux-gnu.so)
Cannot import reading function read_netcdf because:
/lib64/libstdc++.so.6: version `GLIBCXX_3.4.26' not found (required by /g/data/hh5/public/apps/miniconda3/envs/analysis3-24.04/lib/python3.10/site-packages/scipy/optimize/_group_columns.cpython-310-x86_64-linux-gnu.so)
Cannot import reading function read_era5 because:
/lib64/libstdc++.so.6: version `GLIBCXX_3.4.26' not found (required by /g/data/hh5/public/apps/miniconda3/envs/analysis3-24.04/lib/python3.10/site-packages/scipy/optimize/_group_columns.cpython-310-x86_64-linux-gnu.so)
Cannot import reading function read_ndbc because:
/lib64/libstdc++.so.6: version `GLIBCXX_3.4.26' not found (required by /g/data/hh5/public/apps/miniconda3/envs/analysis3-24.04/lib/python3.10/site-packages/scipy/optimize/_group_columns.cpython-310-x86_64-linux-gnu.so)
Cannot import reading function read_dataset because:
/lib64/libstdc++.so.6: version `GLIBCXX_3.4.26' not found (required by /g/data/hh5/public/apps/miniconda3/envs/analysis3-24.04/lib/python3.10/site-packages/scipy/optimize/_group_columns.cpython-310-x86_64-linux-gnu.so)
Cannot import reading function read_wwm because:
/lib64/libstdc++.so.6: version `GLIBCXX_3.4.26' not found (required by /g/data/hh5/public/apps/miniconda3/envs/analysis3-24.04/lib/python3.10/site-packages/scipy/optimize/_group_columns.cpython-310-x86_64-linux-gnu.so)
Cannot import reading function read_swan because:
/lib64/libstdc++.so.6: version `GLIBCXX_3.4.26' not found (required by /g/data/hh5/public/apps/miniconda3/envs/analysis3-24.04/lib/python3.10/site-packages/scipy/optimize/_group_columns.cpython-310-x86_64-linux-gnu.so)
Cannot import reading function read_ncswan because:
/lib64/libstdc++.so.6: version `GLIBCXX_3.4.26' not found (required by /g/data/hh5/public/apps/miniconda3/envs/analysis3-24.04/lib/python3.10/site-packages/scipy/optimize/_group_columns.cpython-310-x86_64-linux-gnu.so)
Cannot import reading function read_ndbc_ascii because:
/lib64/libstdc++.so.6: version `GLIBCXX_3.4.26' not found (required by /g/data/hh5/public/apps/miniconda3/envs/analysis3-24.04/lib/python3.10/site-packages/scipy/optimize/_group_columns.cpython-310-x86_64-linux-gnu.so)
Cannot import reading function read_ww3 because:
/lib64/libstdc++.so.6: version `GLIBCXX_3.4.26' not found (required by /g/data/hh5/public/apps/miniconda3/envs/analysis3-24.04/lib/python3.10/site-packages/scipy/optimize/_group_columns.cpython-310-x86_64-linux-gnu.so)
Cannot import reading function read_spotter because:
/lib64/libstdc++.so.6: version `GLIBCXX_3.4.26' not found (required by /g/data/hh5/public/apps/miniconda3/envs/analysis3-24.04/lib/python3.10/site-packages/scipy/optimize/_group_columns.cpython-310-x86_64-linux-gnu.so)
Cannot import reading function read_triaxys because:
/lib64/libstdc++.so.6: version `GLIBCXX_3.4.26' not found (required by /g/data/hh5/public/apps/miniconda3/envs/analysis3-24.04/lib/python3.10/site-packages/scipy/optimize/_group_columns.cpython-310-x86_64-linux-gnu.so)
Cannot import reading function read_xwaves because:
/lib64/libstdc++.so.6: version `GLIBCXX_3.4.26' not found (required by /g/data/hh5/public/apps/miniconda3/envs/analysis3-24.04/lib/python3.10/site-packages/scipy/optimize/_group_columns.cpython-310-x86_64-linux-gnu.so)

======================================================================================
                  Resource Usage on 2025-05-13 17:03:15:
   Job Id:             140887297.gadi-pbs
   Project:            nf33
   Exit Status:        1
   Service Units:      0.12
   NCPUs Requested:    1                      NCPUs Used: 1               
                                           CPU Time Used: 00:00:02        
   Memory Requested:   60.0GB                Memory Used: 182.88MB        
   Walltime requested: 01:00:00            Walltime Used: 00:00:15        
   JobFS requested:    1.0GB                  JobFS used: 0B              
======================================================================================
