<xarray.DataArray 'rlut_mixed_system' (time: 4096, latitude: 249,
                                       longitude: 1440)> Size: 12GB
array([[[ 4.98316474,  5.00970972,  5.03098755, ...,  4.8733476 ,
          4.91482691,  4.95148725],
        [ 5.07343968,  5.09809056,  5.11766092, ...,  4.97040725,
          5.00944435,  5.04384186],
        [ 5.16666303,  5.18966189,  5.2076128 , ...,  5.06852375,
          5.10596613,  5.13872398],
        ...,
        [-3.05973991, -3.06519821, -3.07253067, ..., -3.05346275,
         -3.05400296, -3.05604918],
        [-2.91165926, -2.90940302, -2.90963694, ..., -2.93179301,
         -2.92303135, -2.91625795],
        [-2.82610044, -2.81565817, -2.8080474 , ..., -2.87251846,
         -2.85474178, -2.83919528]],

       [[ 4.93487225,  4.97287119,  5.00555693, ...,  4.79069152,
          4.84359853,  4.89172237],
        [ 5.08911824,  5.12694339,  5.15933312, ...,  4.94481444,
          4.99786092,  5.04602878],
        [ 5.15430613,  5.18968112,  5.21974097, ...,  5.01775912,
          5.06818441,  5.11375588],
...
        [-2.40961875, -2.46948567, -2.53269637, ..., -2.25277474,
         -2.30102179, -2.35337885],
        [-2.27371595, -2.32823192, -2.386605  , ..., -2.13564411,
         -2.17721924, -2.22330561],
        [-2.23489896, -2.27490525, -2.31876479, ..., -2.13959572,
         -2.16711426, -2.19892032]],

       [[ 4.9950704 ,  5.00390689,  5.00733361, ...,  4.93679853,
          4.96142877,  4.9808848 ],
        [ 5.03398367,  5.04028041,  5.04159826, ...,  4.98581806,
          5.00667734,  5.02276011],
        [ 5.14587052,  5.15156657,  5.15229687, ...,  5.09937693,
          5.11972139,  5.13523989],
        ...,
        [-2.69661189, -2.7314979 , -2.76946673, ..., -2.61134545,
         -2.63647158, -2.66491085],
        [-2.53222854, -2.56002114, -2.59162048, ..., -2.47214248,
         -2.48827353, -2.50830255],
        [-2.46693975, -2.48242065, -2.50191075, ..., -2.4444142 ,
         -2.44798048, -2.45546937]]])
Coordinates:
  * time       (time) datetime64[ns] 33kB 2019-12-13T15:00:00 ... 2021-05-08T...
  * latitude   (latitude) float64 2kB -30.0 -29.75 -29.5 ... 31.5 31.75 32.0
  * longitude  (longitude) float64 12kB -180.0 -179.8 -179.5 ... 179.5 179.8
Attributes:
    long_name:  Mixed System in toa_outgoing_longwave_flux
    units:      W m-2
        Unnamed: 0  frame  idx  ...   longitude   cell        time_cell
0                1      0    5  ...   54.873282      2  0 days 00:00:00
1                2      0    6  ... -174.347872      3  0 days 00:00:00
2                3      0    7  ...  -65.488546      4  0 days 00:00:00
3                6      0   10  ...   -4.616979      7  0 days 00:00:00
4               12      0   23  ... -113.749507     13  0 days 00:00:00
...            ...    ...  ...  ...         ...    ...              ...
109554      125716   3265    3  ...  -85.892244  27448  1 days 21:00:00
109555      125717   3266    1  ... -178.070886  27454  1 days 03:00:00
109556      125718   3267    1  ... -177.558186  27454  1 days 06:00:00
109557      125719   3268    1  ... -177.450207  27454  1 days 09:00:00
109558      125720   3269    1  ... -177.655920  27454  1 days 12:00:00

[109559 rows x 14 columns]
        Unnamed: 0  frame  idx  ...   longitude   cell        time_cell
0                1      0    5  ...   54.873282      2  0 days 00:00:00
84             119      3   65  ... -174.698452      3  0 days 09:00:00
44              74      2   35  ...  -65.490516      4  0 days 06:00:00
20              39      1   12  ...   -3.332720      7  0 days 03:00:00
24              46      1   23  ... -114.141810     13  0 days 03:00:00
...            ...    ...  ...  ...         ...    ...              ...
109512      125670   3252   15  ...  -94.519541  27448  0 days 06:00:00
109510      125668   3252    8  ... -168.338744  27449  0 days 03:00:00
109514      125673   3253    5  ...  -42.115723  27451  0 days 03:00:00
109526      125685   3256    2  ...   86.185908  27452  0 days 09:00:00
109547      125709   3262    3  ... -179.231855  27454  0 days 15:00:00

[15322 rows x 14 columns]

======================================================================================
                  Resource Usage on 2025-05-15 20:57:35:
   Job Id:             141055188.gadi-pbs
   Project:            nf33
   Exit Status:        0
   Service Units:      13.83
   NCPUs Requested:    1                      NCPUs Used: 1               
                                           CPU Time Used: 00:16:05        
   Memory Requested:   100.0GB               Memory Used: 24.04GB         
   Walltime requested: 02:00:00            Walltime Used: 00:16:36        
   JobFS requested:    1.0GB                  JobFS used: 0B              
======================================================================================
